<?xml version="1.0" encoding="UTF-8"?>
<testng-results ignored="0" total="1" passed="1" failed="0" skipped="0">
  <reporter-output>
  </reporter-output>
  <suite started-at="2025-07-08T21:07:50 IST" name="Demoblaze E-commerce Test Suite" finished-at="2025-07-08T21:07:58 IST" duration-ms="8517">
    <groups>
    </groups>
    <test started-at="2025-07-08T21:07:50 IST" name="Demoblaze Tests" finished-at="2025-07-08T21:07:58 IST" duration-ms="8517">
      <class name="testcases.LoginTest">
        <test-method is-config="true" signature="setup()[pri:0, instance:testcases.LoginTest@2ca26d77]" started-at="2025-07-08T21:07:50 IST" name="setup" finished-at="2025-07-08T21:07:54 IST" duration-ms="4652" status="PASS">
          <reporter-output>
          </reporter-output>
        </test-method> <!-- setup -->
        <test-method signature="testLogin()[pri:0, instance:testcases.LoginTest@2ca26d77]" started-at="2025-07-08T21:07:54 IST" name="testLogin" finished-at="2025-07-08T21:07:58 IST" duration-ms="3419" status="PASS">
          <reporter-output>
          </reporter-output>
        </test-method> <!-- testLogin -->
        <test-method is-config="true" signature="teardown()[pri:0, instance:testcases.LoginTest@2ca26d77]" started-at="2025-07-08T21:07:58 IST" name="teardown" finished-at="2025-07-08T21:07:58 IST" duration-ms="384" status="PASS">
          <reporter-output>
          </reporter-output>
        </test-method> <!-- teardown -->
      </class> <!-- testcases.LoginTest -->
    </test> <!-- Demoblaze Tests -->
  </suite> <!-- Demoblaze E-commerce Test Suite -->
</testng-results>
